DEBUG [2014-04-06 09:14:54,920] edu.sjsu.cmpe.library.LibraryService: Queue name is /queue/90645.book.orders. Topic name is /topic/90645.book.all. User is admin, password is password. host is 54.215.133.131. port is 61610
WARN  [2014-04-06 09:14:54,964] com.yammer.dropwizard.config.ServerFactory: 
!!!!!!!!!!!!!!!!!!!!!!!!!!!!!!!!!!!!!!!!!!!!!!!!!!!!!!!!!!!!!!!!!!!!!!!!!!!!!!!!
!!!!!!!!!!!!!!!!!!!!!!!!!!!!!!!!!!!!!!!!!!!!!!!!!!!!!!!!!!!!!!!!!!!!!!!!!!!!!!!!
!    THIS SERVICE HAS NO HEALTHCHECKS. THIS MEANS YOU WILL NEVER KNOW IF IT    !
!    DIES IN PRODUCTION, WHICH MEANS YOU WILL NEVER KNOW IF YOU'RE LETTING     !
!     YOUR USERS DOWN. YOU SHOULD ADD A HEALTHCHECK FOR EACH DEPENDENCY OF     !
!     YOUR SERVICE WHICH FULLY (BUT LIGHTLY) TESTS YOUR SERVICE'S ABILITY TO   !
!      USE THAT SERVICE. THINK OF IT AS A CONTINUOUS INTEGRATION TEST.         !
!!!!!!!!!!!!!!!!!!!!!!!!!!!!!!!!!!!!!!!!!!!!!!!!!!!!!!!!!!!!!!!!!!!!!!!!!!!!!!!!
!!!!!!!!!!!!!!!!!!!!!!!!!!!!!!!!!!!!!!!!!!!!!!!!!!!!!!!!!!!!!!!!!!!!!!!!!!!!!!!!
INFO  [2014-04-06 09:14:55,087] com.yammer.dropwizard.cli.ServerCommand: Starting library-service
INFO  [2014-04-06 09:14:55,090] org.eclipse.jetty.server.Server: jetty-8.1.10.v20130312
INFO  [2014-04-06 09:14:55,227] com.sun.jersey.server.impl.application.WebApplicationImpl: Initiating Jersey application, version 'Jersey: 1.17.1 02/28/2013 12:47 PM'
INFO  [2014-04-06 09:14:55,311] com.yammer.dropwizard.config.Environment: The following paths were found for the configured resources:

    DELETE  /library/v1/books/{isbn} (edu.sjsu.cmpe.library.api.resources.BookResource)
    GET     /library/v1/books/ (edu.sjsu.cmpe.library.api.resources.BookResource)
    GET     /library/v1/books/{isbn} (edu.sjsu.cmpe.library.api.resources.BookResource)
    POST    /library/v1/books (edu.sjsu.cmpe.library.api.resources.BookResource)
    PUT     /library/v1/books/{isbn} (edu.sjsu.cmpe.library.api.resources.BookResource)
    GET     /library/ (edu.sjsu.cmpe.library.ui.resources.HomeResource)
    GET     /library/v1/ (edu.sjsu.cmpe.library.api.resources.RootResource)

INFO  [2014-04-06 09:14:55,311] com.yammer.dropwizard.config.Environment: tasks = 

    POST    /tasks/gc (com.yammer.dropwizard.tasks.GarbageCollectionTask)

WARN  [2014-04-06 09:14:55,639] com.sun.jersey.spi.inject.Errors: The following warnings have been detected with resource and/or provider classes:
  WARNING: A sub-resource method, public edu.sjsu.cmpe.library.dto.BooksDto edu.sjsu.cmpe.library.api.resources.BookResource.getAllBooks(), with URI template, "/", is treated as a resource method
INFO  [2014-04-06 09:14:55,644] org.eclipse.jetty.server.AbstractConnector: Started InstrumentedBlockingChannelConnector@0.0.0.0:8001
INFO  [2014-04-06 09:14:55,647] org.eclipse.jetty.server.AbstractConnector: Started SocketConnector@0.0.0.0:9001
DEBUG [2014-04-06 09:17:22,887] edu.sjsu.cmpe.library.LibraryService: Queue name is /queue/90645.book.orders. Topic name is /topic/90645.book.all. User is admin, password is password. host is 54.215.133.131. port is 61610
WARN  [2014-04-06 09:17:22,941] com.yammer.dropwizard.config.ServerFactory: 
!!!!!!!!!!!!!!!!!!!!!!!!!!!!!!!!!!!!!!!!!!!!!!!!!!!!!!!!!!!!!!!!!!!!!!!!!!!!!!!!
!!!!!!!!!!!!!!!!!!!!!!!!!!!!!!!!!!!!!!!!!!!!!!!!!!!!!!!!!!!!!!!!!!!!!!!!!!!!!!!!
!    THIS SERVICE HAS NO HEALTHCHECKS. THIS MEANS YOU WILL NEVER KNOW IF IT    !
!    DIES IN PRODUCTION, WHICH MEANS YOU WILL NEVER KNOW IF YOU'RE LETTING     !
!     YOUR USERS DOWN. YOU SHOULD ADD A HEALTHCHECK FOR EACH DEPENDENCY OF     !
!     YOUR SERVICE WHICH FULLY (BUT LIGHTLY) TESTS YOUR SERVICE'S ABILITY TO   !
!      USE THAT SERVICE. THINK OF IT AS A CONTINUOUS INTEGRATION TEST.         !
!!!!!!!!!!!!!!!!!!!!!!!!!!!!!!!!!!!!!!!!!!!!!!!!!!!!!!!!!!!!!!!!!!!!!!!!!!!!!!!!
!!!!!!!!!!!!!!!!!!!!!!!!!!!!!!!!!!!!!!!!!!!!!!!!!!!!!!!!!!!!!!!!!!!!!!!!!!!!!!!!
INFO  [2014-04-06 09:17:23,039] com.yammer.dropwizard.cli.ServerCommand: Starting library-service
INFO  [2014-04-06 09:17:23,041] org.eclipse.jetty.server.Server: jetty-8.1.10.v20130312
INFO  [2014-04-06 09:17:23,163] com.sun.jersey.server.impl.application.WebApplicationImpl: Initiating Jersey application, version 'Jersey: 1.17.1 02/28/2013 12:47 PM'
INFO  [2014-04-06 09:17:23,240] com.yammer.dropwizard.config.Environment: The following paths were found for the configured resources:

    DELETE  /library/v1/books/{isbn} (edu.sjsu.cmpe.library.api.resources.BookResource)
    GET     /library/v1/books/ (edu.sjsu.cmpe.library.api.resources.BookResource)
    GET     /library/v1/books/{isbn} (edu.sjsu.cmpe.library.api.resources.BookResource)
    POST    /library/v1/books (edu.sjsu.cmpe.library.api.resources.BookResource)
    PUT     /library/v1/books/{isbn} (edu.sjsu.cmpe.library.api.resources.BookResource)
    GET     /library/ (edu.sjsu.cmpe.library.ui.resources.HomeResource)
    GET     /library/v1/ (edu.sjsu.cmpe.library.api.resources.RootResource)

INFO  [2014-04-06 09:17:23,240] com.yammer.dropwizard.config.Environment: tasks = 

    POST    /tasks/gc (com.yammer.dropwizard.tasks.GarbageCollectionTask)

WARN  [2014-04-06 09:17:23,565] com.sun.jersey.spi.inject.Errors: The following warnings have been detected with resource and/or provider classes:
  WARNING: A sub-resource method, public edu.sjsu.cmpe.library.dto.BooksDto edu.sjsu.cmpe.library.api.resources.BookResource.getAllBooks(), with URI template, "/", is treated as a resource method
WARN  [2014-04-06 09:17:23,576] org.eclipse.jetty.util.component.AbstractLifeCycle: FAILED InstrumentedBlockingChannelConnector@0.0.0.0:8001: java.net.BindException: Address already in use: bind
! java.net.BindException: Address already in use: bind
! at sun.nio.ch.Net.bind0(Native Method) ~[na:1.7.0_21]
! at sun.nio.ch.Net.bind(Net.java:344) ~[na:1.7.0_21]
! at sun.nio.ch.Net.bind(Net.java:336) ~[na:1.7.0_21]
! at sun.nio.ch.ServerSocketChannelImpl.bind(ServerSocketChannelImpl.java:199) ~[na:1.7.0_21]
! at sun.nio.ch.ServerSocketAdaptor.bind(ServerSocketAdaptor.java:74) ~[na:1.7.0_21]
! at org.eclipse.jetty.server.nio.BlockingChannelConnector.open(BlockingChannelConnector.java:127) ~[jetty-server-8.1.10.v20130312.jar:8.1.10.v20130312]
! at org.eclipse.jetty.server.AbstractConnector.doStart(AbstractConnector.java:316) ~[jetty-server-8.1.10.v20130312.jar:8.1.10.v20130312]
! at org.eclipse.jetty.server.nio.BlockingChannelConnector.doStart(BlockingChannelConnector.java:85) ~[jetty-server-8.1.10.v20130312.jar:8.1.10.v20130312]
! at org.eclipse.jetty.util.component.AbstractLifeCycle.start(AbstractLifeCycle.java:64) [jetty-util-8.1.10.v20130312.jar:8.1.10.v20130312]
! at org.eclipse.jetty.server.Server.doStart(Server.java:291) [jetty-server-8.1.10.v20130312.jar:8.1.10.v20130312]
! at org.eclipse.jetty.util.component.AbstractLifeCycle.start(AbstractLifeCycle.java:64) [jetty-util-8.1.10.v20130312.jar:8.1.10.v20130312]
! at com.yammer.dropwizard.cli.ServerCommand.run(ServerCommand.java:48) [dropwizard-core-0.6.2.jar:na]
! at com.yammer.dropwizard.cli.EnvironmentCommand.run(EnvironmentCommand.java:39) [dropwizard-core-0.6.2.jar:na]
! at com.yammer.dropwizard.cli.ConfiguredCommand.run(ConfiguredCommand.java:58) [dropwizard-core-0.6.2.jar:na]
! at com.yammer.dropwizard.cli.Cli.run(Cli.java:53) [dropwizard-core-0.6.2.jar:na]
! at com.yammer.dropwizard.Service.run(Service.java:61) [dropwizard-core-0.6.2.jar:na]
! at edu.sjsu.cmpe.library.LibraryService.main(LibraryService.java:32) [classes/:na]
WARN  [2014-04-06 09:17:23,577] org.eclipse.jetty.util.component.AbstractLifeCycle: FAILED SocketConnector@0.0.0.0:9001: java.net.BindException: Address already in use: JVM_Bind
! java.net.BindException: Address already in use: JVM_Bind
! at java.net.DualStackPlainSocketImpl.bind0(Native Method) ~[na:1.7.0_21]
! at java.net.DualStackPlainSocketImpl.socketBind(DualStackPlainSocketImpl.java:96) ~[na:1.7.0_21]
! at java.net.AbstractPlainSocketImpl.bind(AbstractPlainSocketImpl.java:376) ~[na:1.7.0_21]
! at java.net.PlainSocketImpl.bind(PlainSocketImpl.java:175) ~[na:1.7.0_21]
! at java.net.ServerSocket.bind(ServerSocket.java:376) ~[na:1.7.0_21]
! at java.net.ServerSocket.<init>(ServerSocket.java:237) ~[na:1.7.0_21]
! at java.net.ServerSocket.<init>(ServerSocket.java:181) ~[na:1.7.0_21]
! at org.eclipse.jetty.server.bio.SocketConnector.newServerSocket(SocketConnector.java:96) ~[jetty-server-8.1.10.v20130312.jar:8.1.10.v20130312]
! at org.eclipse.jetty.server.bio.SocketConnector.open(SocketConnector.java:85) ~[jetty-server-8.1.10.v20130312.jar:8.1.10.v20130312]
! at org.eclipse.jetty.server.AbstractConnector.doStart(AbstractConnector.java:316) ~[jetty-server-8.1.10.v20130312.jar:8.1.10.v20130312]
! at org.eclipse.jetty.server.bio.SocketConnector.doStart(SocketConnector.java:156) ~[jetty-server-8.1.10.v20130312.jar:8.1.10.v20130312]
! at org.eclipse.jetty.util.component.AbstractLifeCycle.start(AbstractLifeCycle.java:64) [jetty-util-8.1.10.v20130312.jar:8.1.10.v20130312]
! at org.eclipse.jetty.server.Server.doStart(Server.java:291) [jetty-server-8.1.10.v20130312.jar:8.1.10.v20130312]
! at org.eclipse.jetty.util.component.AbstractLifeCycle.start(AbstractLifeCycle.java:64) [jetty-util-8.1.10.v20130312.jar:8.1.10.v20130312]
! at com.yammer.dropwizard.cli.ServerCommand.run(ServerCommand.java:48) [dropwizard-core-0.6.2.jar:na]
! at com.yammer.dropwizard.cli.EnvironmentCommand.run(EnvironmentCommand.java:39) [dropwizard-core-0.6.2.jar:na]
! at com.yammer.dropwizard.cli.ConfiguredCommand.run(ConfiguredCommand.java:58) [dropwizard-core-0.6.2.jar:na]
! at com.yammer.dropwizard.cli.Cli.run(Cli.java:53) [dropwizard-core-0.6.2.jar:na]
! at com.yammer.dropwizard.Service.run(Service.java:61) [dropwizard-core-0.6.2.jar:na]
! at edu.sjsu.cmpe.library.LibraryService.main(LibraryService.java:32) [classes/:na]
WARN  [2014-04-06 09:17:23,577] org.eclipse.jetty.util.component.AbstractLifeCycle: FAILED org.eclipse.jetty.server.Server@1be38d5: MultiException[java.net.BindException: Address already in use: bind, java.net.BindException: Address already in use: JVM_Bind]
! org.eclipse.jetty.util.MultiException: Multiple exceptions
! at org.eclipse.jetty.server.Server.doStart(Server.java:273) ~[jetty-server-8.1.10.v20130312.jar:8.1.10.v20130312]
! at org.eclipse.jetty.util.component.AbstractLifeCycle.start(AbstractLifeCycle.java:64) ~[jetty-util-8.1.10.v20130312.jar:8.1.10.v20130312]
! at com.yammer.dropwizard.cli.ServerCommand.run(ServerCommand.java:48) [dropwizard-core-0.6.2.jar:na]
! at com.yammer.dropwizard.cli.EnvironmentCommand.run(EnvironmentCommand.java:39) [dropwizard-core-0.6.2.jar:na]
! at com.yammer.dropwizard.cli.ConfiguredCommand.run(ConfiguredCommand.java:58) [dropwizard-core-0.6.2.jar:na]
! at com.yammer.dropwizard.cli.Cli.run(Cli.java:53) [dropwizard-core-0.6.2.jar:na]
! at com.yammer.dropwizard.Service.run(Service.java:61) [dropwizard-core-0.6.2.jar:na]
! at edu.sjsu.cmpe.library.LibraryService.main(LibraryService.java:32) [classes/:na]
ERROR [2014-04-06 09:17:23,577] com.yammer.dropwizard.cli.ServerCommand: Unable to start server, shutting down
! org.eclipse.jetty.util.MultiException: Multiple exceptions
! at org.eclipse.jetty.server.Server.doStart(Server.java:273) ~[jetty-server-8.1.10.v20130312.jar:8.1.10.v20130312]
! at org.eclipse.jetty.util.component.AbstractLifeCycle.start(AbstractLifeCycle.java:64) ~[jetty-util-8.1.10.v20130312.jar:8.1.10.v20130312]
! at com.yammer.dropwizard.cli.ServerCommand.run(ServerCommand.java:48) ~[dropwizard-core-0.6.2.jar:na]
! at com.yammer.dropwizard.cli.EnvironmentCommand.run(EnvironmentCommand.java:39) [dropwizard-core-0.6.2.jar:na]
! at com.yammer.dropwizard.cli.ConfiguredCommand.run(ConfiguredCommand.java:58) [dropwizard-core-0.6.2.jar:na]
! at com.yammer.dropwizard.cli.Cli.run(Cli.java:53) [dropwizard-core-0.6.2.jar:na]
! at com.yammer.dropwizard.Service.run(Service.java:61) [dropwizard-core-0.6.2.jar:na]
! at edu.sjsu.cmpe.library.LibraryService.main(LibraryService.java:32) [classes/:na]
INFO  [2014-04-06 09:17:23,578] org.eclipse.jetty.server.Server: Graceful shutdown SocketConnector@0.0.0.0:9001
INFO  [2014-04-06 09:17:23,578] org.eclipse.jetty.server.Server: Graceful shutdown InstrumentedBlockingChannelConnector@0.0.0.0:8001
INFO  [2014-04-06 09:17:23,578] org.eclipse.jetty.server.Server: Graceful shutdown o.e.j.s.ServletContextHandler{/,null}
INFO  [2014-04-06 09:17:23,583] org.eclipse.jetty.server.Server: Graceful shutdown o.e.j.s.ServletContextHandler{/,file:/C:/Users/Parul%20Jain/Documents/GitHub/cmpe273-Assignment2/library/target/classes/}
INFO  [2014-04-06 09:17:25,583] org.eclipse.jetty.server.handler.ContextHandler: stopped o.e.j.s.ServletContextHandler{/,file:/C:/Users/Parul%20Jain/Documents/GitHub/cmpe273-Assignment2/library/target/classes/}
INFO  [2014-04-06 09:17:25,584] org.eclipse.jetty.server.handler.ContextHandler: stopped o.e.j.s.ServletContextHandler{/,null}
DEBUG [2014-04-06 09:17:46,699] edu.sjsu.cmpe.library.LibraryService: Queue name is /queue/90645.book.orders. Topic name is /topic/90645.book.all. User is admin, password is password. host is 54.215.133.131. port is 61610
WARN  [2014-04-06 09:17:46,732] com.yammer.dropwizard.config.ServerFactory: 
!!!!!!!!!!!!!!!!!!!!!!!!!!!!!!!!!!!!!!!!!!!!!!!!!!!!!!!!!!!!!!!!!!!!!!!!!!!!!!!!
!!!!!!!!!!!!!!!!!!!!!!!!!!!!!!!!!!!!!!!!!!!!!!!!!!!!!!!!!!!!!!!!!!!!!!!!!!!!!!!!
!    THIS SERVICE HAS NO HEALTHCHECKS. THIS MEANS YOU WILL NEVER KNOW IF IT    !
!    DIES IN PRODUCTION, WHICH MEANS YOU WILL NEVER KNOW IF YOU'RE LETTING     !
!     YOUR USERS DOWN. YOU SHOULD ADD A HEALTHCHECK FOR EACH DEPENDENCY OF     !
!     YOUR SERVICE WHICH FULLY (BUT LIGHTLY) TESTS YOUR SERVICE'S ABILITY TO   !
!      USE THAT SERVICE. THINK OF IT AS A CONTINUOUS INTEGRATION TEST.         !
!!!!!!!!!!!!!!!!!!!!!!!!!!!!!!!!!!!!!!!!!!!!!!!!!!!!!!!!!!!!!!!!!!!!!!!!!!!!!!!!
!!!!!!!!!!!!!!!!!!!!!!!!!!!!!!!!!!!!!!!!!!!!!!!!!!!!!!!!!!!!!!!!!!!!!!!!!!!!!!!!
INFO  [2014-04-06 09:17:46,850] com.yammer.dropwizard.cli.ServerCommand: Starting library-service
INFO  [2014-04-06 09:17:46,852] org.eclipse.jetty.server.Server: jetty-8.1.10.v20130312
INFO  [2014-04-06 09:17:46,968] com.sun.jersey.server.impl.application.WebApplicationImpl: Initiating Jersey application, version 'Jersey: 1.17.1 02/28/2013 12:47 PM'
INFO  [2014-04-06 09:17:47,044] com.yammer.dropwizard.config.Environment: The following paths were found for the configured resources:

    DELETE  /library/v1/books/{isbn} (edu.sjsu.cmpe.library.api.resources.BookResource)
    GET     /library/v1/books/ (edu.sjsu.cmpe.library.api.resources.BookResource)
    GET     /library/v1/books/{isbn} (edu.sjsu.cmpe.library.api.resources.BookResource)
    POST    /library/v1/books (edu.sjsu.cmpe.library.api.resources.BookResource)
    PUT     /library/v1/books/{isbn} (edu.sjsu.cmpe.library.api.resources.BookResource)
    GET     /library/ (edu.sjsu.cmpe.library.ui.resources.HomeResource)
    GET     /library/v1/ (edu.sjsu.cmpe.library.api.resources.RootResource)

INFO  [2014-04-06 09:17:47,044] com.yammer.dropwizard.config.Environment: tasks = 

    POST    /tasks/gc (com.yammer.dropwizard.tasks.GarbageCollectionTask)

WARN  [2014-04-06 09:17:47,350] com.sun.jersey.spi.inject.Errors: The following warnings have been detected with resource and/or provider classes:
  WARNING: A sub-resource method, public edu.sjsu.cmpe.library.dto.BooksDto edu.sjsu.cmpe.library.api.resources.BookResource.getAllBooks(), with URI template, "/", is treated as a resource method
INFO  [2014-04-06 09:17:47,355] org.eclipse.jetty.server.AbstractConnector: Started InstrumentedBlockingChannelConnector@0.0.0.0:8001
WARN  [2014-04-06 09:17:47,357] org.eclipse.jetty.server.AbstractConnector: insufficient threads configured for SocketConnector@0.0.0.0:9001
INFO  [2014-04-06 09:17:47,358] org.eclipse.jetty.server.AbstractConnector: Started SocketConnector@0.0.0.0:9001
ERROR [2014-04-06 09:19:04,973] com.yammer.dropwizard.jersey.LoggingExceptionMapper: Error handling a request: 29983f8d7f3a9f22
! javax.jms.JMSException: Connection timed out: no further information
! at org.fusesource.stomp.jms.StompJmsExceptionSupport.create(StompJmsExceptionSupport.java:59) ~[stompjms-client-1.13.jar:1.13]
! at org.fusesource.stomp.jms.StompChannel.connect(StompChannel.java:112) ~[stompjms-client-1.13.jar:1.13]
! at org.fusesource.stomp.jms.StompJmsConnection.getChannel(StompJmsConnection.java:347) ~[stompjms-client-1.13.jar:1.13]
! at org.fusesource.stomp.jms.StompJmsConnection.connect(StompJmsConnection.java:395) ~[stompjms-client-1.13.jar:1.13]
! at org.fusesource.stomp.jms.StompJmsConnection.start(StompJmsConnection.java:197) ~[stompjms-client-1.13.jar:1.13]
! at edu.sjsu.cmpe.library.repository.BookRepository.callProducer(BookRepository.java:172) ~[classes/:na]
! at edu.sjsu.cmpe.library.repository.BookRepository.update(BookRepository.java:146) ~[classes/:na]
! at edu.sjsu.cmpe.library.api.resources.BookResource.updateBookStatus(BookResource.java:98) ~[classes/:na]
! at sun.reflect.NativeMethodAccessorImpl.invoke0(Native Method) ~[na:1.7.0_21]
! at sun.reflect.NativeMethodAccessorImpl.invoke(NativeMethodAccessorImpl.java:57) ~[na:1.7.0_21]
! at sun.reflect.DelegatingMethodAccessorImpl.invoke(DelegatingMethodAccessorImpl.java:43) ~[na:1.7.0_21]
! at java.lang.reflect.Method.invoke(Method.java:601) ~[na:1.7.0_21]
! at com.sun.jersey.spi.container.JavaMethodInvokerFactory$1.invoke(JavaMethodInvokerFactory.java:60) ~[jersey-server-1.17.1.jar:1.17.1]
! at com.sun.jersey.server.impl.model.method.dispatch.AbstractResourceMethodDispatchProvider$ResponseOutInvoker._dispatch(AbstractResourceMethodDispatchProvider.java:205) ~[jersey-server-1.17.1.jar:1.17.1]
! at com.sun.jersey.server.impl.model.method.dispatch.ResourceJavaMethodDispatcher.dispatch(ResourceJavaMethodDispatcher.java:75) ~[jersey-server-1.17.1.jar:1.17.1]
! at com.yammer.metrics.jersey.InstrumentedResourceMethodDispatchProvider$TimedRequestDispatcher.dispatch(InstrumentedResourceMethodDispatchProvider.java:32) ~[metrics-jersey-2.2.0.jar:na]
! at com.yammer.dropwizard.jersey.OptionalResourceMethodDispatchAdapter$OptionalRequestDispatcher.dispatch(OptionalResourceMethodDispatchAdapter.java:37) ~[dropwizard-core-0.6.2.jar:na]
! at com.sun.jersey.server.impl.uri.rules.HttpMethodRule.accept(HttpMethodRule.java:302) ~[jersey-server-1.17.1.jar:1.17.1]
! at com.sun.jersey.server.impl.uri.rules.RightHandPathRule.accept(RightHandPathRule.java:147) ~[jersey-server-1.17.1.jar:1.17.1]
! at com.sun.jersey.server.impl.uri.rules.ResourceObjectRule.accept(ResourceObjectRule.java:100) ~[jersey-server-1.17.1.jar:1.17.1]
! at com.sun.jersey.server.impl.uri.rules.RightHandPathRule.accept(RightHandPathRule.java:147) ~[jersey-server-1.17.1.jar:1.17.1]
! at com.sun.jersey.server.impl.uri.rules.RootResourceClassesRule.accept(RootResourceClassesRule.java:84) ~[jersey-server-1.17.1.jar:1.17.1]
! at com.sun.jersey.server.impl.application.WebApplicationImpl._handleRequest(WebApplicationImpl.java:1511) [jersey-server-1.17.1.jar:1.17.1]
! at com.sun.jersey.server.impl.application.WebApplicationImpl._handleRequest(WebApplicationImpl.java:1442) [jersey-server-1.17.1.jar:1.17.1]
! at com.sun.jersey.server.impl.application.WebApplicationImpl.handleRequest(WebApplicationImpl.java:1391) [jersey-server-1.17.1.jar:1.17.1]
! at com.sun.jersey.server.impl.application.WebApplicationImpl.handleRequest(WebApplicationImpl.java:1381) [jersey-server-1.17.1.jar:1.17.1]
! at com.sun.jersey.spi.container.servlet.WebComponent.service(WebComponent.java:416) [jersey-servlet-1.17.1.jar:1.17.1]
! at com.sun.jersey.spi.container.servlet.ServletContainer.service(ServletContainer.java:538) [jersey-servlet-1.17.1.jar:1.17.1]
! at com.sun.jersey.spi.container.servlet.ServletContainer.service(ServletContainer.java:716) [jersey-servlet-1.17.1.jar:1.17.1]
! at javax.servlet.http.HttpServlet.service(HttpServlet.java:848) [javax.servlet-3.0.0.v201112011016.jar:na]
! at org.eclipse.jetty.servlet.ServletHolder.handle(ServletHolder.java:669) [jetty-servlet-8.1.10.v20130312.jar:8.1.10.v20130312]
! at org.eclipse.jetty.servlet.ServletHandler$CachedChain.doFilter(ServletHandler.java:1448) [jetty-servlet-8.1.10.v20130312.jar:8.1.10.v20130312]
! at com.yammer.dropwizard.servlets.ThreadNameFilter.doFilter(ThreadNameFilter.java:29) [dropwizard-core-0.6.2.jar:na]
! at org.eclipse.jetty.servlet.ServletHandler$CachedChain.doFilter(ServletHandler.java:1419) [jetty-servlet-8.1.10.v20130312.jar:8.1.10.v20130312]
! at org.eclipse.jetty.servlet.ServletHandler.doHandle(ServletHandler.java:455) [jetty-servlet-8.1.10.v20130312.jar:8.1.10.v20130312]
! at org.eclipse.jetty.server.handler.ContextHandler.doHandle(ContextHandler.java:1075) [jetty-server-8.1.10.v20130312.jar:8.1.10.v20130312]
! at org.eclipse.jetty.servlet.ServletHandler.doScope(ServletHandler.java:384) [jetty-servlet-8.1.10.v20130312.jar:8.1.10.v20130312]
! at org.eclipse.jetty.server.handler.ContextHandler.doScope(ContextHandler.java:1009) [jetty-server-8.1.10.v20130312.jar:8.1.10.v20130312]
! at org.eclipse.jetty.server.handler.ScopedHandler.handle(ScopedHandler.java:135) [jetty-server-8.1.10.v20130312.jar:8.1.10.v20130312]
! at org.eclipse.jetty.server.handler.HandlerWrapper.handle(HandlerWrapper.java:116) [jetty-server-8.1.10.v20130312.jar:8.1.10.v20130312]
! at com.yammer.metrics.jetty.InstrumentedHandler.handle(InstrumentedHandler.java:200) [metrics-jetty-2.2.0.jar:na]
! at org.eclipse.jetty.server.handler.GzipHandler.handle(GzipHandler.java:264) [jetty-server-8.1.10.v20130312.jar:8.1.10.v20130312]
! at com.yammer.dropwizard.jetty.BiDiGzipHandler.handle(BiDiGzipHandler.java:123) [dropwizard-core-0.6.2.jar:na]
! at org.eclipse.jetty.server.handler.HandlerCollection.handle(HandlerCollection.java:154) [jetty-server-8.1.10.v20130312.jar:8.1.10.v20130312]
! at org.eclipse.jetty.server.handler.HandlerWrapper.handle(HandlerWrapper.java:116) [jetty-server-8.1.10.v20130312.jar:8.1.10.v20130312]
! at org.eclipse.jetty.server.Server.handle(Server.java:368) [jetty-server-8.1.10.v20130312.jar:8.1.10.v20130312]
! at org.eclipse.jetty.server.AbstractHttpConnection.handleRequest(AbstractHttpConnection.java:489) [jetty-server-8.1.10.v20130312.jar:8.1.10.v20130312]
! at org.eclipse.jetty.server.BlockingHttpConnection.handleRequest(BlockingHttpConnection.java:53) [jetty-server-8.1.10.v20130312.jar:8.1.10.v20130312]
! at org.eclipse.jetty.server.AbstractHttpConnection.content(AbstractHttpConnection.java:953) [jetty-server-8.1.10.v20130312.jar:8.1.10.v20130312]
! at org.eclipse.jetty.server.AbstractHttpConnection$RequestHandler.content(AbstractHttpConnection.java:1014) [jetty-server-8.1.10.v20130312.jar:8.1.10.v20130312]
! at org.eclipse.jetty.http.HttpParser.parseNext(HttpParser.java:861) [jetty-http-8.1.10.v20130312.jar:8.1.10.v20130312]
! at org.eclipse.jetty.http.HttpParser.parseAvailable(HttpParser.java:240) [jetty-http-8.1.10.v20130312.jar:8.1.10.v20130312]
! at org.eclipse.jetty.server.BlockingHttpConnection.handle(BlockingHttpConnection.java:72) [jetty-server-8.1.10.v20130312.jar:8.1.10.v20130312]
! at org.eclipse.jetty.server.nio.BlockingChannelConnector$BlockingChannelEndPoint.run(BlockingChannelConnector.java:298) [jetty-server-8.1.10.v20130312.jar:8.1.10.v20130312]
! at org.eclipse.jetty.util.thread.QueuedThreadPool.runJob(QueuedThreadPool.java:608) [jetty-util-8.1.10.v20130312.jar:8.1.10.v20130312]
! at org.eclipse.jetty.util.thread.QueuedThreadPool$3.run(QueuedThreadPool.java:543) [jetty-util-8.1.10.v20130312.jar:8.1.10.v20130312]
! at java.lang.Thread.run(Thread.java:722) [na:1.7.0_21]
! java.net.ConnectException: Connection timed out: no further information
! at sun.nio.ch.SocketChannelImpl.checkConnect(Native Method) ~[na:1.7.0_21]
! at sun.nio.ch.SocketChannelImpl.finishConnect(SocketChannelImpl.java:692) ~[na:1.7.0_21]
! at org.fusesource.hawtdispatch.transport.TcpTransport$2$1$1.run(TcpTransport.java:443) ~[hawtdispatch-transport-1.12.jar:1.12]
! at org.fusesource.hawtdispatch.internal.NioDispatchSource$3.run(NioDispatchSource.java:226) ~[hawtdispatch-1.12.jar:1.12]
! at org.fusesource.hawtdispatch.internal.SerialDispatchQueue.run(SerialDispatchQueue.java:96) ~[hawtdispatch-1.12.jar:1.12]
! at org.fusesource.hawtdispatch.internal.pool.SimpleThread.run(SimpleThread.java:77) ~[hawtdispatch-1.12.jar:1.12]
DEBUG [2014-04-06 09:21:58,586] edu.sjsu.cmpe.library.LibraryService: Queue name is /queue/90645.book.orders. Topic name is /topic/90645.book.all. User is admin, password is password. host is 54.215.133.131. port is 61610
WARN  [2014-04-06 09:21:58,623] com.yammer.dropwizard.config.ServerFactory: 
!!!!!!!!!!!!!!!!!!!!!!!!!!!!!!!!!!!!!!!!!!!!!!!!!!!!!!!!!!!!!!!!!!!!!!!!!!!!!!!!
!!!!!!!!!!!!!!!!!!!!!!!!!!!!!!!!!!!!!!!!!!!!!!!!!!!!!!!!!!!!!!!!!!!!!!!!!!!!!!!!
!    THIS SERVICE HAS NO HEALTHCHECKS. THIS MEANS YOU WILL NEVER KNOW IF IT    !
!    DIES IN PRODUCTION, WHICH MEANS YOU WILL NEVER KNOW IF YOU'RE LETTING     !
!     YOUR USERS DOWN. YOU SHOULD ADD A HEALTHCHECK FOR EACH DEPENDENCY OF     !
!     YOUR SERVICE WHICH FULLY (BUT LIGHTLY) TESTS YOUR SERVICE'S ABILITY TO   !
!      USE THAT SERVICE. THINK OF IT AS A CONTINUOUS INTEGRATION TEST.         !
!!!!!!!!!!!!!!!!!!!!!!!!!!!!!!!!!!!!!!!!!!!!!!!!!!!!!!!!!!!!!!!!!!!!!!!!!!!!!!!!
!!!!!!!!!!!!!!!!!!!!!!!!!!!!!!!!!!!!!!!!!!!!!!!!!!!!!!!!!!!!!!!!!!!!!!!!!!!!!!!!
INFO  [2014-04-06 09:21:58,776] com.yammer.dropwizard.cli.ServerCommand: Starting library-service
INFO  [2014-04-06 09:21:58,778] org.eclipse.jetty.server.Server: jetty-8.1.10.v20130312
INFO  [2014-04-06 09:21:58,896] com.sun.jersey.server.impl.application.WebApplicationImpl: Initiating Jersey application, version 'Jersey: 1.17.1 02/28/2013 12:47 PM'
INFO  [2014-04-06 09:21:58,974] com.yammer.dropwizard.config.Environment: The following paths were found for the configured resources:

    DELETE  /library/v1/books/{isbn} (edu.sjsu.cmpe.library.api.resources.BookResource)
    GET     /library/v1/books/ (edu.sjsu.cmpe.library.api.resources.BookResource)
    GET     /library/v1/books/{isbn} (edu.sjsu.cmpe.library.api.resources.BookResource)
    POST    /library/v1/books (edu.sjsu.cmpe.library.api.resources.BookResource)
    PUT     /library/v1/books/{isbn} (edu.sjsu.cmpe.library.api.resources.BookResource)
    GET     /library/ (edu.sjsu.cmpe.library.ui.resources.HomeResource)
    GET     /library/v1/ (edu.sjsu.cmpe.library.api.resources.RootResource)

INFO  [2014-04-06 09:21:58,975] com.yammer.dropwizard.config.Environment: tasks = 

    POST    /tasks/gc (com.yammer.dropwizard.tasks.GarbageCollectionTask)

WARN  [2014-04-06 09:21:59,294] com.sun.jersey.spi.inject.Errors: The following warnings have been detected with resource and/or provider classes:
  WARNING: A sub-resource method, public edu.sjsu.cmpe.library.dto.BooksDto edu.sjsu.cmpe.library.api.resources.BookResource.getAllBooks(), with URI template, "/", is treated as a resource method
INFO  [2014-04-06 09:21:59,299] org.eclipse.jetty.server.AbstractConnector: Started InstrumentedBlockingChannelConnector@0.0.0.0:8001
INFO  [2014-04-06 09:21:59,301] org.eclipse.jetty.server.AbstractConnector: Started SocketConnector@0.0.0.0:9001
ERROR [2014-04-06 09:22:52,477] com.yammer.dropwizard.jersey.LoggingExceptionMapper: Error handling a request: 13fb355f39dad690
! javax.jms.JMSException: Connection timed out: no further information
! at org.fusesource.stomp.jms.StompJmsExceptionSupport.create(StompJmsExceptionSupport.java:59) ~[stompjms-client-1.13.jar:1.13]
! at org.fusesource.stomp.jms.StompChannel.connect(StompChannel.java:112) ~[stompjms-client-1.13.jar:1.13]
! at org.fusesource.stomp.jms.StompJmsConnection.getChannel(StompJmsConnection.java:347) ~[stompjms-client-1.13.jar:1.13]
! at org.fusesource.stomp.jms.StompJmsConnection.connect(StompJmsConnection.java:395) ~[stompjms-client-1.13.jar:1.13]
! at org.fusesource.stomp.jms.StompJmsConnection.start(StompJmsConnection.java:197) ~[stompjms-client-1.13.jar:1.13]
! at edu.sjsu.cmpe.library.repository.BookRepository.callProducer(BookRepository.java:172) ~[classes/:na]
! at edu.sjsu.cmpe.library.repository.BookRepository.update(BookRepository.java:146) ~[classes/:na]
! at edu.sjsu.cmpe.library.api.resources.BookResource.updateBookStatus(BookResource.java:98) ~[classes/:na]
! at sun.reflect.NativeMethodAccessorImpl.invoke0(Native Method) ~[na:1.7.0_21]
! at sun.reflect.NativeMethodAccessorImpl.invoke(NativeMethodAccessorImpl.java:57) ~[na:1.7.0_21]
! at sun.reflect.DelegatingMethodAccessorImpl.invoke(DelegatingMethodAccessorImpl.java:43) ~[na:1.7.0_21]
! at java.lang.reflect.Method.invoke(Method.java:601) ~[na:1.7.0_21]
! at com.sun.jersey.spi.container.JavaMethodInvokerFactory$1.invoke(JavaMethodInvokerFactory.java:60) ~[jersey-server-1.17.1.jar:1.17.1]
! at com.sun.jersey.server.impl.model.method.dispatch.AbstractResourceMethodDispatchProvider$ResponseOutInvoker._dispatch(AbstractResourceMethodDispatchProvider.java:205) ~[jersey-server-1.17.1.jar:1.17.1]
! at com.sun.jersey.server.impl.model.method.dispatch.ResourceJavaMethodDispatcher.dispatch(ResourceJavaMethodDispatcher.java:75) ~[jersey-server-1.17.1.jar:1.17.1]
! at com.yammer.metrics.jersey.InstrumentedResourceMethodDispatchProvider$TimedRequestDispatcher.dispatch(InstrumentedResourceMethodDispatchProvider.java:32) ~[metrics-jersey-2.2.0.jar:na]
! at com.yammer.dropwizard.jersey.OptionalResourceMethodDispatchAdapter$OptionalRequestDispatcher.dispatch(OptionalResourceMethodDispatchAdapter.java:37) ~[dropwizard-core-0.6.2.jar:na]
! at com.sun.jersey.server.impl.uri.rules.HttpMethodRule.accept(HttpMethodRule.java:302) ~[jersey-server-1.17.1.jar:1.17.1]
! at com.sun.jersey.server.impl.uri.rules.RightHandPathRule.accept(RightHandPathRule.java:147) ~[jersey-server-1.17.1.jar:1.17.1]
! at com.sun.jersey.server.impl.uri.rules.ResourceObjectRule.accept(ResourceObjectRule.java:100) ~[jersey-server-1.17.1.jar:1.17.1]
! at com.sun.jersey.server.impl.uri.rules.RightHandPathRule.accept(RightHandPathRule.java:147) ~[jersey-server-1.17.1.jar:1.17.1]
! at com.sun.jersey.server.impl.uri.rules.RootResourceClassesRule.accept(RootResourceClassesRule.java:84) ~[jersey-server-1.17.1.jar:1.17.1]
! at com.sun.jersey.server.impl.application.WebApplicationImpl._handleRequest(WebApplicationImpl.java:1511) [jersey-server-1.17.1.jar:1.17.1]
! at com.sun.jersey.server.impl.application.WebApplicationImpl._handleRequest(WebApplicationImpl.java:1442) [jersey-server-1.17.1.jar:1.17.1]
! at com.sun.jersey.server.impl.application.WebApplicationImpl.handleRequest(WebApplicationImpl.java:1391) [jersey-server-1.17.1.jar:1.17.1]
! at com.sun.jersey.server.impl.application.WebApplicationImpl.handleRequest(WebApplicationImpl.java:1381) [jersey-server-1.17.1.jar:1.17.1]
! at com.sun.jersey.spi.container.servlet.WebComponent.service(WebComponent.java:416) [jersey-servlet-1.17.1.jar:1.17.1]
! at com.sun.jersey.spi.container.servlet.ServletContainer.service(ServletContainer.java:538) [jersey-servlet-1.17.1.jar:1.17.1]
! at com.sun.jersey.spi.container.servlet.ServletContainer.service(ServletContainer.java:716) [jersey-servlet-1.17.1.jar:1.17.1]
! at javax.servlet.http.HttpServlet.service(HttpServlet.java:848) [javax.servlet-3.0.0.v201112011016.jar:na]
! at org.eclipse.jetty.servlet.ServletHolder.handle(ServletHolder.java:669) [jetty-servlet-8.1.10.v20130312.jar:8.1.10.v20130312]
! at org.eclipse.jetty.servlet.ServletHandler$CachedChain.doFilter(ServletHandler.java:1448) [jetty-servlet-8.1.10.v20130312.jar:8.1.10.v20130312]
! at com.yammer.dropwizard.servlets.ThreadNameFilter.doFilter(ThreadNameFilter.java:29) [dropwizard-core-0.6.2.jar:na]
! at org.eclipse.jetty.servlet.ServletHandler$CachedChain.doFilter(ServletHandler.java:1419) [jetty-servlet-8.1.10.v20130312.jar:8.1.10.v20130312]
! at org.eclipse.jetty.servlet.ServletHandler.doHandle(ServletHandler.java:455) [jetty-servlet-8.1.10.v20130312.jar:8.1.10.v20130312]
! at org.eclipse.jetty.server.handler.ContextHandler.doHandle(ContextHandler.java:1075) [jetty-server-8.1.10.v20130312.jar:8.1.10.v20130312]
! at org.eclipse.jetty.servlet.ServletHandler.doScope(ServletHandler.java:384) [jetty-servlet-8.1.10.v20130312.jar:8.1.10.v20130312]
! at org.eclipse.jetty.server.handler.ContextHandler.doScope(ContextHandler.java:1009) [jetty-server-8.1.10.v20130312.jar:8.1.10.v20130312]
! at org.eclipse.jetty.server.handler.ScopedHandler.handle(ScopedHandler.java:135) [jetty-server-8.1.10.v20130312.jar:8.1.10.v20130312]
! at org.eclipse.jetty.server.handler.HandlerWrapper.handle(HandlerWrapper.java:116) [jetty-server-8.1.10.v20130312.jar:8.1.10.v20130312]
! at com.yammer.metrics.jetty.InstrumentedHandler.handle(InstrumentedHandler.java:200) [metrics-jetty-2.2.0.jar:na]
! at org.eclipse.jetty.server.handler.GzipHandler.handle(GzipHandler.java:264) [jetty-server-8.1.10.v20130312.jar:8.1.10.v20130312]
! at com.yammer.dropwizard.jetty.BiDiGzipHandler.handle(BiDiGzipHandler.java:123) [dropwizard-core-0.6.2.jar:na]
! at org.eclipse.jetty.server.handler.HandlerCollection.handle(HandlerCollection.java:154) [jetty-server-8.1.10.v20130312.jar:8.1.10.v20130312]
! at org.eclipse.jetty.server.handler.HandlerWrapper.handle(HandlerWrapper.java:116) [jetty-server-8.1.10.v20130312.jar:8.1.10.v20130312]
! at org.eclipse.jetty.server.Server.handle(Server.java:368) [jetty-server-8.1.10.v20130312.jar:8.1.10.v20130312]
! at org.eclipse.jetty.server.AbstractHttpConnection.handleRequest(AbstractHttpConnection.java:489) [jetty-server-8.1.10.v20130312.jar:8.1.10.v20130312]
! at org.eclipse.jetty.server.BlockingHttpConnection.handleRequest(BlockingHttpConnection.java:53) [jetty-server-8.1.10.v20130312.jar:8.1.10.v20130312]
! at org.eclipse.jetty.server.AbstractHttpConnection.content(AbstractHttpConnection.java:953) [jetty-server-8.1.10.v20130312.jar:8.1.10.v20130312]
! at org.eclipse.jetty.server.AbstractHttpConnection$RequestHandler.content(AbstractHttpConnection.java:1014) [jetty-server-8.1.10.v20130312.jar:8.1.10.v20130312]
! at org.eclipse.jetty.http.HttpParser.parseNext(HttpParser.java:861) [jetty-http-8.1.10.v20130312.jar:8.1.10.v20130312]
! at org.eclipse.jetty.http.HttpParser.parseAvailable(HttpParser.java:240) [jetty-http-8.1.10.v20130312.jar:8.1.10.v20130312]
! at org.eclipse.jetty.server.BlockingHttpConnection.handle(BlockingHttpConnection.java:72) [jetty-server-8.1.10.v20130312.jar:8.1.10.v20130312]
! at org.eclipse.jetty.server.nio.BlockingChannelConnector$BlockingChannelEndPoint.run(BlockingChannelConnector.java:298) [jetty-server-8.1.10.v20130312.jar:8.1.10.v20130312]
! at org.eclipse.jetty.util.thread.QueuedThreadPool.runJob(QueuedThreadPool.java:608) [jetty-util-8.1.10.v20130312.jar:8.1.10.v20130312]
! at org.eclipse.jetty.util.thread.QueuedThreadPool$3.run(QueuedThreadPool.java:543) [jetty-util-8.1.10.v20130312.jar:8.1.10.v20130312]
! at java.lang.Thread.run(Thread.java:722) [na:1.7.0_21]
! java.net.ConnectException: Connection timed out: no further information
! at sun.nio.ch.SocketChannelImpl.checkConnect(Native Method) ~[na:1.7.0_21]
! at sun.nio.ch.SocketChannelImpl.finishConnect(SocketChannelImpl.java:692) ~[na:1.7.0_21]
! at org.fusesource.hawtdispatch.transport.TcpTransport$2$1$1.run(TcpTransport.java:443) ~[hawtdispatch-transport-1.12.jar:1.12]
! at org.fusesource.hawtdispatch.internal.NioDispatchSource$3.run(NioDispatchSource.java:226) ~[hawtdispatch-1.12.jar:1.12]
! at org.fusesource.hawtdispatch.internal.SerialDispatchQueue.run(SerialDispatchQueue.java:96) ~[hawtdispatch-1.12.jar:1.12]
! at org.fusesource.hawtdispatch.internal.pool.SimpleThread.run(SimpleThread.java:77) ~[hawtdispatch-1.12.jar:1.12]
DEBUG [2014-04-06 09:29:33,472] edu.sjsu.cmpe.library.LibraryService: Queue name is /queue/90645.book.orders. Topic name is /topic/90645.book.all. User is admin, password is password. host is 54.215.133.131. port is 61610
WARN  [2014-04-06 09:29:33,508] com.yammer.dropwizard.config.ServerFactory: 
!!!!!!!!!!!!!!!!!!!!!!!!!!!!!!!!!!!!!!!!!!!!!!!!!!!!!!!!!!!!!!!!!!!!!!!!!!!!!!!!
!!!!!!!!!!!!!!!!!!!!!!!!!!!!!!!!!!!!!!!!!!!!!!!!!!!!!!!!!!!!!!!!!!!!!!!!!!!!!!!!
!    THIS SERVICE HAS NO HEALTHCHECKS. THIS MEANS YOU WILL NEVER KNOW IF IT    !
!    DIES IN PRODUCTION, WHICH MEANS YOU WILL NEVER KNOW IF YOU'RE LETTING     !
!     YOUR USERS DOWN. YOU SHOULD ADD A HEALTHCHECK FOR EACH DEPENDENCY OF     !
!     YOUR SERVICE WHICH FULLY (BUT LIGHTLY) TESTS YOUR SERVICE'S ABILITY TO   !
!      USE THAT SERVICE. THINK OF IT AS A CONTINUOUS INTEGRATION TEST.         !
!!!!!!!!!!!!!!!!!!!!!!!!!!!!!!!!!!!!!!!!!!!!!!!!!!!!!!!!!!!!!!!!!!!!!!!!!!!!!!!!
!!!!!!!!!!!!!!!!!!!!!!!!!!!!!!!!!!!!!!!!!!!!!!!!!!!!!!!!!!!!!!!!!!!!!!!!!!!!!!!!
INFO  [2014-04-06 09:29:33,623] com.yammer.dropwizard.cli.ServerCommand: Starting library-service
INFO  [2014-04-06 09:29:33,626] org.eclipse.jetty.server.Server: jetty-8.1.10.v20130312
INFO  [2014-04-06 09:29:33,751] com.sun.jersey.server.impl.application.WebApplicationImpl: Initiating Jersey application, version 'Jersey: 1.17.1 02/28/2013 12:47 PM'
INFO  [2014-04-06 09:29:33,822] com.yammer.dropwizard.config.Environment: The following paths were found for the configured resources:

    DELETE  /library/v1/books/{isbn} (edu.sjsu.cmpe.library.api.resources.BookResource)
    GET     /library/v1/books/ (edu.sjsu.cmpe.library.api.resources.BookResource)
    GET     /library/v1/books/{isbn} (edu.sjsu.cmpe.library.api.resources.BookResource)
    POST    /library/v1/books (edu.sjsu.cmpe.library.api.resources.BookResource)
    PUT     /library/v1/books/{isbn} (edu.sjsu.cmpe.library.api.resources.BookResource)
    GET     /library/ (edu.sjsu.cmpe.library.ui.resources.HomeResource)
    GET     /library/v1/ (edu.sjsu.cmpe.library.api.resources.RootResource)

INFO  [2014-04-06 09:29:33,823] com.yammer.dropwizard.config.Environment: tasks = 

    POST    /tasks/gc (com.yammer.dropwizard.tasks.GarbageCollectionTask)

WARN  [2014-04-06 09:29:34,145] com.sun.jersey.spi.inject.Errors: The following warnings have been detected with resource and/or provider classes:
  WARNING: A sub-resource method, public edu.sjsu.cmpe.library.dto.BooksDto edu.sjsu.cmpe.library.api.resources.BookResource.getAllBooks(), with URI template, "/", is treated as a resource method
INFO  [2014-04-06 09:29:34,151] org.eclipse.jetty.server.AbstractConnector: Started InstrumentedBlockingChannelConnector@0.0.0.0:8001
INFO  [2014-04-06 09:29:34,154] org.eclipse.jetty.server.AbstractConnector: Started SocketConnector@0.0.0.0:9001
DEBUG [2014-04-06 09:37:22,193] edu.sjsu.cmpe.library.LibraryService: Queue name is /queue/90645.book.orders. Topic name is /topic/90645.book.all. User is admin, password is password. host is 54.215.133.131. port is 61610
WARN  [2014-04-06 09:37:22,231] com.yammer.dropwizard.config.ServerFactory: 
!!!!!!!!!!!!!!!!!!!!!!!!!!!!!!!!!!!!!!!!!!!!!!!!!!!!!!!!!!!!!!!!!!!!!!!!!!!!!!!!
!!!!!!!!!!!!!!!!!!!!!!!!!!!!!!!!!!!!!!!!!!!!!!!!!!!!!!!!!!!!!!!!!!!!!!!!!!!!!!!!
!    THIS SERVICE HAS NO HEALTHCHECKS. THIS MEANS YOU WILL NEVER KNOW IF IT    !
!    DIES IN PRODUCTION, WHICH MEANS YOU WILL NEVER KNOW IF YOU'RE LETTING     !
!     YOUR USERS DOWN. YOU SHOULD ADD A HEALTHCHECK FOR EACH DEPENDENCY OF     !
!     YOUR SERVICE WHICH FULLY (BUT LIGHTLY) TESTS YOUR SERVICE'S ABILITY TO   !
!      USE THAT SERVICE. THINK OF IT AS A CONTINUOUS INTEGRATION TEST.         !
!!!!!!!!!!!!!!!!!!!!!!!!!!!!!!!!!!!!!!!!!!!!!!!!!!!!!!!!!!!!!!!!!!!!!!!!!!!!!!!!
!!!!!!!!!!!!!!!!!!!!!!!!!!!!!!!!!!!!!!!!!!!!!!!!!!!!!!!!!!!!!!!!!!!!!!!!!!!!!!!!
INFO  [2014-04-06 09:37:22,330] com.yammer.dropwizard.cli.ServerCommand: Starting library-service
INFO  [2014-04-06 09:37:22,334] org.eclipse.jetty.server.Server: jetty-8.1.10.v20130312
INFO  [2014-04-06 09:37:22,444] com.sun.jersey.server.impl.application.WebApplicationImpl: Initiating Jersey application, version 'Jersey: 1.17.1 02/28/2013 12:47 PM'
INFO  [2014-04-06 09:37:22,516] com.yammer.dropwizard.config.Environment: The following paths were found for the configured resources:

    DELETE  /library/v1/books/{isbn} (edu.sjsu.cmpe.library.api.resources.BookResource)
    GET     /library/v1/books/ (edu.sjsu.cmpe.library.api.resources.BookResource)
    GET     /library/v1/books/{isbn} (edu.sjsu.cmpe.library.api.resources.BookResource)
    POST    /library/v1/books (edu.sjsu.cmpe.library.api.resources.BookResource)
    PUT     /library/v1/books/{isbn} (edu.sjsu.cmpe.library.api.resources.BookResource)
    GET     /library/ (edu.sjsu.cmpe.library.ui.resources.HomeResource)
    GET     /library/v1/ (edu.sjsu.cmpe.library.api.resources.RootResource)

INFO  [2014-04-06 09:37:22,517] com.yammer.dropwizard.config.Environment: tasks = 

    POST    /tasks/gc (com.yammer.dropwizard.tasks.GarbageCollectionTask)

WARN  [2014-04-06 09:37:22,841] com.sun.jersey.spi.inject.Errors: The following warnings have been detected with resource and/or provider classes:
  WARNING: A sub-resource method, public edu.sjsu.cmpe.library.dto.BooksDto edu.sjsu.cmpe.library.api.resources.BookResource.getAllBooks(), with URI template, "/", is treated as a resource method
INFO  [2014-04-06 09:37:22,847] org.eclipse.jetty.server.AbstractConnector: Started InstrumentedBlockingChannelConnector@0.0.0.0:8001
INFO  [2014-04-06 09:37:22,850] org.eclipse.jetty.server.AbstractConnector: Started SocketConnector@0.0.0.0:9001
DEBUG [2014-04-06 09:44:56,153] edu.sjsu.cmpe.library.LibraryService: Queue name is /queue/90645.book.orders. Topic name is /topic/90645.book.all. User is admin, password is password. host is 54.215.133.131. port is 61613
WARN  [2014-04-06 09:44:56,197] com.yammer.dropwizard.config.ServerFactory: 
!!!!!!!!!!!!!!!!!!!!!!!!!!!!!!!!!!!!!!!!!!!!!!!!!!!!!!!!!!!!!!!!!!!!!!!!!!!!!!!!
!!!!!!!!!!!!!!!!!!!!!!!!!!!!!!!!!!!!!!!!!!!!!!!!!!!!!!!!!!!!!!!!!!!!!!!!!!!!!!!!
!    THIS SERVICE HAS NO HEALTHCHECKS. THIS MEANS YOU WILL NEVER KNOW IF IT    !
!    DIES IN PRODUCTION, WHICH MEANS YOU WILL NEVER KNOW IF YOU'RE LETTING     !
!     YOUR USERS DOWN. YOU SHOULD ADD A HEALTHCHECK FOR EACH DEPENDENCY OF     !
!     YOUR SERVICE WHICH FULLY (BUT LIGHTLY) TESTS YOUR SERVICE'S ABILITY TO   !
!      USE THAT SERVICE. THINK OF IT AS A CONTINUOUS INTEGRATION TEST.         !
!!!!!!!!!!!!!!!!!!!!!!!!!!!!!!!!!!!!!!!!!!!!!!!!!!!!!!!!!!!!!!!!!!!!!!!!!!!!!!!!
!!!!!!!!!!!!!!!!!!!!!!!!!!!!!!!!!!!!!!!!!!!!!!!!!!!!!!!!!!!!!!!!!!!!!!!!!!!!!!!!
INFO  [2014-04-06 09:44:56,313] com.yammer.dropwizard.cli.ServerCommand: Starting library-service
INFO  [2014-04-06 09:44:56,316] org.eclipse.jetty.server.Server: jetty-8.1.10.v20130312
INFO  [2014-04-06 09:44:56,479] com.sun.jersey.server.impl.application.WebApplicationImpl: Initiating Jersey application, version 'Jersey: 1.17.1 02/28/2013 12:47 PM'
INFO  [2014-04-06 09:44:56,579] com.yammer.dropwizard.config.Environment: The following paths were found for the configured resources:

    DELETE  /library/v1/books/{isbn} (edu.sjsu.cmpe.library.api.resources.BookResource)
    GET     /library/v1/books/ (edu.sjsu.cmpe.library.api.resources.BookResource)
    GET     /library/v1/books/{isbn} (edu.sjsu.cmpe.library.api.resources.BookResource)
    POST    /library/v1/books (edu.sjsu.cmpe.library.api.resources.BookResource)
    PUT     /library/v1/books/{isbn} (edu.sjsu.cmpe.library.api.resources.BookResource)
    GET     /library/ (edu.sjsu.cmpe.library.ui.resources.HomeResource)
    GET     /library/v1/ (edu.sjsu.cmpe.library.api.resources.RootResource)

INFO  [2014-04-06 09:44:56,579] com.yammer.dropwizard.config.Environment: tasks = 

    POST    /tasks/gc (com.yammer.dropwizard.tasks.GarbageCollectionTask)

WARN  [2014-04-06 09:44:56,928] com.sun.jersey.spi.inject.Errors: The following warnings have been detected with resource and/or provider classes:
  WARNING: A sub-resource method, public edu.sjsu.cmpe.library.dto.BooksDto edu.sjsu.cmpe.library.api.resources.BookResource.getAllBooks(), with URI template, "/", is treated as a resource method
INFO  [2014-04-06 09:44:56,933] org.eclipse.jetty.server.AbstractConnector: Started InstrumentedBlockingChannelConnector@0.0.0.0:8001
INFO  [2014-04-06 09:44:56,936] org.eclipse.jetty.server.AbstractConnector: Started SocketConnector@0.0.0.0:9001
DEBUG [2014-04-06 10:16:35,860] edu.sjsu.cmpe.library.LibraryService: Queue name is /queue/90645.book.orders. Topic name is /topic/90645.book.all. User is admin, password is password. host is 54.215.133.131. port is 61613
WARN  [2014-04-06 10:16:35,897] com.yammer.dropwizard.config.ServerFactory: 
!!!!!!!!!!!!!!!!!!!!!!!!!!!!!!!!!!!!!!!!!!!!!!!!!!!!!!!!!!!!!!!!!!!!!!!!!!!!!!!!
!!!!!!!!!!!!!!!!!!!!!!!!!!!!!!!!!!!!!!!!!!!!!!!!!!!!!!!!!!!!!!!!!!!!!!!!!!!!!!!!
!    THIS SERVICE HAS NO HEALTHCHECKS. THIS MEANS YOU WILL NEVER KNOW IF IT    !
!    DIES IN PRODUCTION, WHICH MEANS YOU WILL NEVER KNOW IF YOU'RE LETTING     !
!     YOUR USERS DOWN. YOU SHOULD ADD A HEALTHCHECK FOR EACH DEPENDENCY OF     !
!     YOUR SERVICE WHICH FULLY (BUT LIGHTLY) TESTS YOUR SERVICE'S ABILITY TO   !
!      USE THAT SERVICE. THINK OF IT AS A CONTINUOUS INTEGRATION TEST.         !
!!!!!!!!!!!!!!!!!!!!!!!!!!!!!!!!!!!!!!!!!!!!!!!!!!!!!!!!!!!!!!!!!!!!!!!!!!!!!!!!
!!!!!!!!!!!!!!!!!!!!!!!!!!!!!!!!!!!!!!!!!!!!!!!!!!!!!!!!!!!!!!!!!!!!!!!!!!!!!!!!
INFO  [2014-04-06 10:16:35,996] com.yammer.dropwizard.cli.ServerCommand: Starting library-service
INFO  [2014-04-06 10:16:35,998] org.eclipse.jetty.server.Server: jetty-8.1.10.v20130312
INFO  [2014-04-06 10:16:36,108] com.sun.jersey.server.impl.application.WebApplicationImpl: Initiating Jersey application, version 'Jersey: 1.17.1 02/28/2013 12:47 PM'
INFO  [2014-04-06 10:16:36,186] com.yammer.dropwizard.config.Environment: The following paths were found for the configured resources:

    DELETE  /library/v1/books/{isbn} (edu.sjsu.cmpe.library.api.resources.BookResource)
    GET     /library/v1/books/ (edu.sjsu.cmpe.library.api.resources.BookResource)
    GET     /library/v1/books/{isbn} (edu.sjsu.cmpe.library.api.resources.BookResource)
    POST    /library/v1/books (edu.sjsu.cmpe.library.api.resources.BookResource)
    PUT     /library/v1/books/{isbn} (edu.sjsu.cmpe.library.api.resources.BookResource)
    GET     /library/ (edu.sjsu.cmpe.library.ui.resources.HomeResource)
    GET     /library/v1/ (edu.sjsu.cmpe.library.api.resources.RootResource)

INFO  [2014-04-06 10:16:36,186] com.yammer.dropwizard.config.Environment: tasks = 

    POST    /tasks/gc (com.yammer.dropwizard.tasks.GarbageCollectionTask)

WARN  [2014-04-06 10:16:36,513] com.sun.jersey.spi.inject.Errors: The following warnings have been detected with resource and/or provider classes:
  WARNING: A sub-resource method, public edu.sjsu.cmpe.library.dto.BooksDto edu.sjsu.cmpe.library.api.resources.BookResource.getAllBooks(), with URI template, "/", is treated as a resource method
INFO  [2014-04-06 10:16:36,518] org.eclipse.jetty.server.AbstractConnector: Started InstrumentedBlockingChannelConnector@0.0.0.0:8001
INFO  [2014-04-06 10:16:36,520] org.eclipse.jetty.server.AbstractConnector: Started SocketConnector@0.0.0.0:9001
